<?xml version="1.0" encoding="utf-8"?>
<coverage line-rate="0.9836" branch-rate="0.9166" version="1.9" timestamp="1772300750" lines-covered="60" lines-valid="61" branches-covered="33" branches-valid="36">
  <sources>
    <source>D:\</source>
  </sources>
  <packages>
    <package name="HotUpdateFlow.Core" line-rate="0.9836" branch-rate="0.9166" complexity="50">
      <classes>
        <class name="VampireSurvivorLike.HotUpdateFlow.P6.HotUpdateProbeResult" filename="unity\Vampire Survivor-like\Assets\Scripts\HotUpdateFlow\P6\HotUpdateFunctionalSuite.cs" line-rate="0.9" branch-rate="0.5" complexity="8">
          <methods>
            <method name="get_Name" signature="()" line-rate="1" branch-rate="1" complexity="1">
              <lines>
                <line number="20" hits="1" branch="False" />
              </lines>
            </method>
            <method name="get_Passed" signature="()" line-rate="1" branch-rate="1" complexity="1">
              <lines>
                <line number="21" hits="31" branch="False" />
              </lines>
            </method>
            <method name="get_Detail" signature="()" line-rate="0" branch-rate="1" complexity="1">
              <lines>
                <line number="22" hits="0" branch="False" />
              </lines>
            </method>
            <method name="get_Critical" signature="()" line-rate="1" branch-rate="1" complexity="1">
              <lines>
                <line number="23" hits="7" branch="False" />
              </lines>
            </method>
            <method name=".ctor" signature="(System.String,System.Boolean,System.String,System.Boolean)" line-rate="1" branch-rate="0.5" complexity="4">
              <lines>
                <line number="12" hits="9" branch="False" />
                <line number="14" hits="9" branch="True" condition-coverage="50% (1/2)">
                  <conditions>
                    <condition number="9" type="jump" coverage="50%" />
                  </conditions>
                </line>
                <line number="15" hits="9" branch="False" />
                <line number="16" hits="9" branch="True" condition-coverage="50% (1/2)">
                  <conditions>
                    <condition number="38" type="jump" coverage="50%" />
                  </conditions>
                </line>
                <line number="17" hits="9" branch="False" />
                <line number="18" hits="9" branch="False" />
              </lines>
            </method>
          </methods>
          <lines>
            <line number="20" hits="1" branch="False" />
            <line number="21" hits="31" branch="False" />
            <line number="22" hits="0" branch="False" />
            <line number="23" hits="7" branch="False" />
            <line number="12" hits="9" branch="False" />
            <line number="14" hits="9" branch="True" condition-coverage="50% (1/2)">
              <conditions>
                <condition number="9" type="jump" coverage="50%" />
              </conditions>
            </line>
            <line number="15" hits="9" branch="False" />
            <line number="16" hits="9" branch="True" condition-coverage="50% (1/2)">
              <conditions>
                <condition number="38" type="jump" coverage="50%" />
              </conditions>
            </line>
            <line number="17" hits="9" branch="False" />
            <line number="18" hits="9" branch="False" />
          </lines>
        </class>
        <class name="VampireSurvivorLike.HotUpdateFlow.P6.DelegateHotUpdateProbe" filename="unity\Vampire Survivor-like\Assets\Scripts\HotUpdateFlow\P6\HotUpdateFunctionalSuite.cs" line-rate="1" branch-rate="1" complexity="6">
          <methods>
            <method name="get_Name" signature="()" line-rate="1" branch-rate="1" complexity="1">
              <lines>
                <line number="44" hits="6" branch="False" />
              </lines>
            </method>
            <method name="get_Critical" signature="()" line-rate="1" branch-rate="1" complexity="1">
              <lines>
                <line number="45" hits="6" branch="False" />
              </lines>
            </method>
            <method name=".ctor" signature="(System.String,System.Boolean,System.Func`2&lt;System.Threading.CancellationToken,System.Threading.Tasks.Task`1&lt;System.Boolean&gt;&gt;)" line-rate="1" branch-rate="1" complexity="4">
              <lines>
                <line number="37" hits="10" branch="False" />
                <line number="39" hits="10" branch="True" condition-coverage="100% (2/2)">
                  <conditions>
                    <condition number="13" type="jump" coverage="100%" />
                  </conditions>
                </line>
                <line number="40" hits="9" branch="False" />
                <line number="41" hits="9" branch="True" condition-coverage="100% (2/2)">
                  <conditions>
                    <condition number="54" type="jump" coverage="100%" />
                  </conditions>
                </line>
                <line number="42" hits="8" branch="False" />
              </lines>
            </method>
          </methods>
          <lines>
            <line number="44" hits="6" branch="False" />
            <line number="45" hits="6" branch="False" />
            <line number="37" hits="10" branch="False" />
            <line number="39" hits="10" branch="True" condition-coverage="100% (2/2)">
              <conditions>
                <condition number="13" type="jump" coverage="100%" />
              </conditions>
            </line>
            <line number="40" hits="9" branch="False" />
            <line number="41" hits="9" branch="True" condition-coverage="100% (2/2)">
              <conditions>
                <condition number="54" type="jump" coverage="100%" />
              </conditions>
            </line>
            <line number="42" hits="8" branch="False" />
          </lines>
        </class>
        <class name="VampireSurvivorLike.HotUpdateFlow.P6.DelegateHotUpdateProbe/&lt;RunAsync&gt;d__8" filename="unity\Vampire Survivor-like\Assets\Scripts\HotUpdateFlow\P6\HotUpdateFunctionalSuite.cs" line-rate="1" branch-rate="1" complexity="2">
          <methods>
            <method name="MoveNext" signature="()" line-rate="1" branch-rate="1" complexity="2">
              <lines>
                <line number="49" hits="6" branch="False" />
                <line number="50" hits="6" branch="True" condition-coverage="100% (2/2)">
                  <conditions>
                    <condition number="131" type="jump" coverage="100%" />
                  </conditions>
                </line>
                <line number="51" hits="6" branch="False" />
                <line number="52" hits="6" branch="False" />
              </lines>
            </method>
          </methods>
          <lines>
            <line number="49" hits="6" branch="False" />
            <line number="50" hits="6" branch="True" condition-coverage="100% (2/2)">
              <conditions>
                <condition number="131" type="jump" coverage="100%" />
              </conditions>
            </line>
            <line number="51" hits="6" branch="False" />
            <line number="52" hits="6" branch="False" />
          </lines>
        </class>
        <class name="VampireSurvivorLike.HotUpdateFlow.P6.HotUpdateFunctionalSuiteOptions" filename="unity\Vampire Survivor-like\Assets\Scripts\HotUpdateFlow\P6\HotUpdateFunctionalSuite.cs" line-rate="1" branch-rate="1" complexity="1">
          <methods>
            <method name="get_StopOnCriticalFailure" signature="()" line-rate="1" branch-rate="1" complexity="1">
              <lines>
                <line number="57" hits="8" branch="False" />
              </lines>
            </method>
          </methods>
          <lines>
            <line number="57" hits="8" branch="False" />
          </lines>
        </class>
        <class name="VampireSurvivorLike.HotUpdateFlow.P6.HotUpdateFunctionalReport" filename="unity\Vampire Survivor-like\Assets\Scripts\HotUpdateFlow\P6\HotUpdateFunctionalSuite.cs" line-rate="1" branch-rate="0.75" complexity="11">
          <methods>
            <method name="get_Results" signature="()" line-rate="1" branch-rate="1" complexity="1">
              <lines>
                <line number="68" hits="22" branch="False" />
              </lines>
            </method>
            <method name="get_Aborted" signature="()" line-rate="1" branch-rate="1" complexity="1">
              <lines>
                <line number="69" hits="3" branch="False" />
              </lines>
            </method>
            <method name="get_TotalCount" signature="()" line-rate="1" branch-rate="1" complexity="1">
              <lines>
                <line number="71" hits="9" branch="False" />
              </lines>
            </method>
            <method name="get_PassedCount" signature="()" line-rate="1" branch-rate="1" complexity="1">
              <lines>
                <line number="72" hits="14" branch="False" />
              </lines>
            </method>
            <method name="get_FailedCount" signature="()" line-rate="1" branch-rate="1" complexity="1">
              <lines>
                <line number="73" hits="11" branch="False" />
              </lines>
            </method>
            <method name="get_PassRate" signature="()" line-rate="1" branch-rate="0.5" complexity="2">
              <lines>
                <line number="75" hits="3" branch="True" condition-coverage="50% (1/2)">
                  <conditions>
                    <condition number="6" type="jump" coverage="50%" />
                  </conditions>
                </line>
              </lines>
            </method>
            <method name="get_HasCriticalFailure" signature="()" line-rate="1" branch-rate="1" complexity="2">
              <lines>
                <line number="77" hits="12" branch="True" condition-coverage="100% (2/2)">
                  <conditions>
                    <condition number="6" type="jump" coverage="100%" />
                  </conditions>
                </line>
              </lines>
            </method>
            <method name="get_AllPassed" signature="()" line-rate="1" branch-rate="1" complexity="1">
              <lines>
                <line number="79" hits="1" branch="False" />
              </lines>
            </method>
            <method name=".ctor" signature="(System.Collections.Generic.IReadOnlyList`1&lt;VampireSurvivorLike.HotUpdateFlow.P6.HotUpdateProbeResult&gt;,System.Boolean)" line-rate="1" branch-rate="1" complexity="1">
              <lines>
                <line number="62" hits="7" branch="False" />
                <line number="64" hits="7" branch="False" />
                <line number="65" hits="7" branch="False" />
                <line number="66" hits="7" branch="False" />
              </lines>
            </method>
          </methods>
          <lines>
            <line number="68" hits="22" branch="False" />
            <line number="69" hits="3" branch="False" />
            <line number="71" hits="9" branch="False" />
            <line number="72" hits="14" branch="False" />
            <line number="73" hits="11" branch="False" />
            <line number="75" hits="3" branch="True" condition-coverage="50% (1/2)">
              <conditions>
                <condition number="6" type="jump" coverage="50%" />
              </conditions>
            </line>
            <line number="77" hits="12" branch="True" condition-coverage="100% (2/2)">
              <conditions>
                <condition number="6" type="jump" coverage="100%" />
              </conditions>
            </line>
            <line number="79" hits="1" branch="False" />
            <line number="62" hits="7" branch="False" />
            <line number="64" hits="7" branch="False" />
            <line number="65" hits="7" branch="False" />
            <line number="66" hits="7" branch="False" />
          </lines>
        </class>
        <class name="VampireSurvivorLike.HotUpdateFlow.P6.HotUpdateFunctionalSuite" filename="unity\Vampire Survivor-like\Assets\Scripts\HotUpdateFlow\P6\HotUpdateFunctionalSuite.cs" line-rate="1" branch-rate="1" complexity="6">
          <methods>
            <method name=".ctor" signature="(System.Collections.Generic.IEnumerable`1&lt;VampireSurvivorLike.HotUpdateFlow.P6.IHotUpdateProbe&gt;,VampireSurvivorLike.HotUpdateFlow.P6.HotUpdateFunctionalSuiteOptions)" line-rate="1" branch-rate="1" complexity="6">
              <lines>
                <line number="87" hits="6" branch="False" />
                <line number="89" hits="6" branch="True" condition-coverage="100% (2/2)">
                  <conditions>
                    <condition number="7" type="jump" coverage="100%" />
                  </conditions>
                </line>
                <line number="91" hits="1" branch="False" />
                <line number="94" hits="13" branch="False" />
                <line number="95" hits="5" branch="True" condition-coverage="100% (2/2)">
                  <conditions>
                    <condition number="65" type="jump" coverage="100%" />
                  </conditions>
                </line>
                <line number="97" hits="1" branch="False" />
                <line number="100" hits="4" branch="False" />
                <line number="101" hits="4" branch="True" condition-coverage="100% (2/2)">
                  <conditions>
                    <condition number="98" type="jump" coverage="100%" />
                  </conditions>
                </line>
                <line number="102" hits="4" branch="False" />
              </lines>
            </method>
          </methods>
          <lines>
            <line number="87" hits="6" branch="False" />
            <line number="89" hits="6" branch="True" condition-coverage="100% (2/2)">
              <conditions>
                <condition number="7" type="jump" coverage="100%" />
              </conditions>
            </line>
            <line number="91" hits="1" branch="False" />
            <line number="94" hits="13" branch="False" />
            <line number="95" hits="5" branch="True" condition-coverage="100% (2/2)">
              <conditions>
                <condition number="65" type="jump" coverage="100%" />
              </conditions>
            </line>
            <line number="97" hits="1" branch="False" />
            <line number="100" hits="4" branch="False" />
            <line number="101" hits="4" branch="True" condition-coverage="100% (2/2)">
              <conditions>
                <condition number="98" type="jump" coverage="100%" />
              </conditions>
            </line>
            <line number="102" hits="4" branch="False" />
          </lines>
        </class>
        <class name="VampireSurvivorLike.HotUpdateFlow.P6.HotUpdateFunctionalSuite/&lt;RunAsync&gt;d__3" filename="unity\Vampire Survivor-like\Assets\Scripts\HotUpdateFlow\P6\HotUpdateFunctionalSuite.cs" line-rate="1" branch-rate="1" complexity="8">
          <methods>
            <method name="MoveNext" signature="()" line-rate="1" branch-rate="1" complexity="8">
              <lines>
                <line number="106" hits="4" branch="False" />
                <line number="107" hits="4" branch="False" />
                <line number="109" hits="20" branch="True" condition-coverage="100% (2/2)">
                  <conditions>
                    <condition number="265" type="jump" coverage="100%" />
                  </conditions>
                </line>
                <line number="111" hits="7" branch="False" />
                <line number="112" hits="6" branch="False" />
                <line number="113" hits="6" branch="False" />
                <line number="115" hits="6" branch="True" condition-coverage="100% (6/6)">
                  <conditions>
                    <condition number="222" type="jump" coverage="100%" />
                    <condition number="230" type="jump" coverage="100%" />
                    <condition number="243" type="jump" coverage="100%" />
                  </conditions>
                </line>
                <line number="117" hits="1" branch="False" />
                <line number="118" hits="1" branch="False" />
                <line number="122" hits="3" branch="False" />
                <line number="123" hits="3" branch="False" />
              </lines>
            </method>
          </methods>
          <lines>
            <line number="106" hits="4" branch="False" />
            <line number="107" hits="4" branch="False" />
            <line number="109" hits="20" branch="True" condition-coverage="100% (2/2)">
              <conditions>
                <condition number="265" type="jump" coverage="100%" />
              </conditions>
            </line>
            <line number="111" hits="7" branch="False" />
            <line number="112" hits="6" branch="False" />
            <line number="113" hits="6" branch="False" />
            <line number="115" hits="6" branch="True" condition-coverage="100% (6/6)">
              <conditions>
                <condition number="222" type="jump" coverage="100%" />
                <condition number="230" type="jump" coverage="100%" />
                <condition number="243" type="jump" coverage="100%" />
              </conditions>
            </line>
            <line number="117" hits="1" branch="False" />
            <line number="118" hits="1" branch="False" />
            <line number="122" hits="3" branch="False" />
            <line number="123" hits="3" branch="False" />
          </lines>
        </class>
        <class name="VampireSurvivorLike.HotUpdateFlow.P6.HotUpdateFunctionalGate" filename="unity\Vampire Survivor-like\Assets\Scripts\HotUpdateFlow\P6\HotUpdateFunctionalSuite.cs" line-rate="1" branch-rate="1" complexity="8">
          <methods>
            <method name="MeetsReleaseThreshold" signature="(VampireSurvivorLike.HotUpdateFlow.P6.HotUpdateFunctionalReport,System.Double)" line-rate="1" branch-rate="1" complexity="8">
              <lines>
                <line number="130" hits="6" branch="True" condition-coverage="100% (2/2)">
                  <conditions>
                    <condition number="1" type="jump" coverage="100%" />
                  </conditions>
                </line>
                <line number="132" hits="1" branch="False" />
                <line number="135" hits="5" branch="True" condition-coverage="100% (4/4)">
                  <conditions>
                    <condition number="24" type="jump" coverage="100%" />
                    <condition number="36" type="jump" coverage="100%" />
                  </conditions>
                </line>
                <line number="137" hits="2" branch="False" />
                <line number="140" hits="3" branch="True" condition-coverage="100% (2/2)">
                  <conditions>
                    <condition number="60" type="jump" coverage="100%" />
                  </conditions>
                </line>
                <line number="142" hits="1" branch="False" />
                <line number="145" hits="2" branch="False" />
              </lines>
            </method>
          </methods>
          <lines>
            <line number="130" hits="6" branch="True" condition-coverage="100% (2/2)">
              <conditions>
                <condition number="1" type="jump" coverage="100%" />
              </conditions>
            </line>
            <line number="132" hits="1" branch="False" />
            <line number="135" hits="5" branch="True" condition-coverage="100% (4/4)">
              <conditions>
                <condition number="24" type="jump" coverage="100%" />
                <condition number="36" type="jump" coverage="100%" />
              </conditions>
            </line>
            <line number="137" hits="2" branch="False" />
            <line number="140" hits="3" branch="True" condition-coverage="100% (2/2)">
              <conditions>
                <condition number="60" type="jump" coverage="100%" />
              </conditions>
            </line>
            <line number="142" hits="1" branch="False" />
            <line number="145" hits="2" branch="False" />
          </lines>
        </class>
      </classes>
    </package>
  </packages>
</coverage>