<?xml version="1.0" encoding="utf-8"?>
<coverage line-rate="0.9129999999999999" branch-rate="0.8275" version="1.9" timestamp="1772300900" lines-covered="84" lines-valid="92" branches-covered="48" branches-valid="58">
  <sources>
    <source>D:\</source>
  </sources>
  <packages>
    <package name="HotUpdateFlow.Core" line-rate="0.9129999999999999" branch-rate="0.8275" complexity="69">
      <classes>
        <class name="VampireSurvivorLike.HotUpdateFlow.P7.CdnEndpointConfig" filename="unity\Vampire Survivor-like\Assets\Scripts\HotUpdateFlow\P7\HotUpdateReleasePlanner.cs" line-rate="1" branch-rate="1" complexity="3">
          <methods>
            <method name="get_ProductionBaseUrl" signature="()" line-rate="1" branch-rate="1" complexity="1">
              <lines>
                <line number="16" hits="7" branch="False" />
              </lines>
            </method>
            <method name="get_GrayBaseUrl" signature="()" line-rate="1" branch-rate="1" complexity="1">
              <lines>
                <line number="17" hits="3" branch="False" />
              </lines>
            </method>
            <method name="get_InternalBaseUrl" signature="()" line-rate="1" branch-rate="1" complexity="1">
              <lines>
                <line number="18" hits="3" branch="False" />
              </lines>
            </method>
          </methods>
          <lines>
            <line number="16" hits="7" branch="False" />
            <line number="17" hits="3" branch="False" />
            <line number="18" hits="3" branch="False" />
          </lines>
        </class>
        <class name="VampireSurvivorLike.HotUpdateFlow.P7.ReleaseMetadata" filename="unity\Vampire Survivor-like\Assets\Scripts\HotUpdateFlow\P7\HotUpdateReleasePlanner.cs" line-rate="1" branch-rate="1" complexity="4">
          <methods>
            <method name="get_Version" signature="()" line-rate="1" branch-rate="1" complexity="1">
              <lines>
                <line number="23" hits="34" branch="False" />
              </lines>
            </method>
            <method name="get_Channel" signature="()" line-rate="1" branch-rate="1" complexity="1">
              <lines>
                <line number="24" hits="37" branch="False" />
              </lines>
            </method>
            <method name="get_RolloutPercentage" signature="()" line-rate="1" branch-rate="1" complexity="1">
              <lines>
                <line number="25" hits="13" branch="False" />
              </lines>
            </method>
            <method name="get_RollbackTargetVersion" signature="()" line-rate="1" branch-rate="1" complexity="1">
              <lines>
                <line number="26" hits="22" branch="False" />
              </lines>
            </method>
          </methods>
          <lines>
            <line number="23" hits="34" branch="False" />
            <line number="24" hits="37" branch="False" />
            <line number="25" hits="13" branch="False" />
            <line number="26" hits="22" branch="False" />
          </lines>
        </class>
        <class name="VampireSurvivorLike.HotUpdateFlow.P7.ReleaseRoutingDecision" filename="unity\Vampire Survivor-like\Assets\Scripts\HotUpdateFlow\P7\HotUpdateReleasePlanner.cs" line-rate="0.875" branch-rate="1" complexity="4">
          <methods>
            <method name="get_ShouldUpdate" signature="()" line-rate="1" branch-rate="1" complexity="1">
              <lines>
                <line number="38" hits="3" branch="False" />
              </lines>
            </method>
            <method name="get_ManifestUrl" signature="()" line-rate="0" branch-rate="1" complexity="1">
              <lines>
                <line number="39" hits="0" branch="False" />
              </lines>
            </method>
            <method name="get_IsRollback" signature="()" line-rate="1" branch-rate="1" complexity="1">
              <lines>
                <line number="40" hits="2" branch="False" />
              </lines>
            </method>
            <method name=".ctor" signature="(System.Boolean,System.String,System.Boolean)" line-rate="1" branch-rate="1" complexity="1">
              <lines>
                <line number="31" hits="3" branch="False" />
                <line number="33" hits="3" branch="False" />
                <line number="34" hits="3" branch="False" />
                <line number="35" hits="3" branch="False" />
                <line number="36" hits="3" branch="False" />
              </lines>
            </method>
          </methods>
          <lines>
            <line number="38" hits="3" branch="False" />
            <line number="39" hits="0" branch="False" />
            <line number="40" hits="2" branch="False" />
            <line number="31" hits="3" branch="False" />
            <line number="33" hits="3" branch="False" />
            <line number="34" hits="3" branch="False" />
            <line number="35" hits="3" branch="False" />
            <line number="36" hits="3" branch="False" />
          </lines>
        </class>
        <class name="VampireSurvivorLike.HotUpdateFlow.P7.HotUpdateReleasePlanner" filename="unity\Vampire Survivor-like\Assets\Scripts\HotUpdateFlow\P7\HotUpdateReleasePlanner.cs" line-rate="0.909" branch-rate="0.8275" complexity="58">
          <methods>
            <method name="BuildManifestUrl" signature="(VampireSurvivorLike.HotUpdateFlow.P7.CdnEndpointConfig,VampireSurvivorLike.HotUpdateFlow.P7.ReleaseMetadata)" line-rate="0.9375" branch-rate="0.909" complexity="11">
              <lines>
                <line number="47" hits="9" branch="True" condition-coverage="100% (2/2)">
                  <conditions>
                    <condition number="1" type="jump" coverage="100%" />
                  </conditions>
                </line>
                <line number="49" hits="1" branch="False" />
                <line number="52" hits="8" branch="True" condition-coverage="100% (2/2)">
                  <conditions>
                    <condition number="15" type="jump" coverage="100%" />
                  </conditions>
                </line>
                <line number="54" hits="1" branch="False" />
                <line number="57" hits="7" branch="True" condition-coverage="100% (2/2)">
                  <conditions>
                    <condition number="35" type="jump" coverage="100%" />
                  </conditions>
                </line>
                <line number="58" hits="7" branch="False" />
                <line number="59" hits="7" branch="False" />
                <line number="61" hits="7" branch="True" condition-coverage="80% (4/5)">
                  <conditions>
                    <condition number="80" type="switch" coverage="80%" />
                  </conditions>
                </line>
                <line number="62" hits="7" branch="False" />
                <line number="63" hits="3" branch="False" />
                <line number="64" hits="1" branch="False" />
                <line number="65" hits="1" branch="False" />
                <line number="66" hits="2" branch="False" />
                <line number="67" hits="0" branch="False" />
                <line number="68" hits="7" branch="False" />
                <line number="70" hits="7" branch="False" />
              </lines>
            </method>
            <method name="CreateRoutingDecision" signature="(System.String,System.String,VampireSurvivorLike.HotUpdateFlow.P7.CdnEndpointConfig,VampireSurvivorLike.HotUpdateFlow.P7.ReleaseMetadata)" line-rate="0.8" branch-rate="0.6666" complexity="9">
              <lines>
                <line number="79" hits="4" branch="True" condition-coverage="100% (2/2)">
                  <conditions>
                    <condition number="6" type="jump" coverage="100%" />
                  </conditions>
                </line>
                <line number="81" hits="1" branch="False" />
                <line number="84" hits="3" branch="False" />
                <line number="85" hits="3" branch="False" />
                <line number="86" hits="3" branch="True" condition-coverage="100% (2/2)">
                  <conditions>
                    <condition number="43" type="jump" coverage="100%" />
                  </conditions>
                </line>
                <line number="88" hits="1" branch="False" />
                <line number="91" hits="2" branch="True" condition-coverage="40% (2/5)">
                  <conditions>
                    <condition number="72" type="switch" coverage="40%" />
                  </conditions>
                </line>
                <line number="92" hits="2" branch="False" />
                <line number="93" hits="0" branch="False" />
                <line number="94" hits="1" branch="False" />
                <line number="95" hits="0" branch="False" />
                <line number="96" hits="1" branch="False" />
                <line number="97" hits="0" branch="False" />
                <line number="98" hits="2" branch="False" />
                <line number="100" hits="2" branch="False" />
              </lines>
            </method>
            <method name="ValidateVersionProgression" signature="(System.String,VampireSurvivorLike.HotUpdateFlow.P7.ReleaseMetadata)" line-rate="1" branch-rate="0.8332999999999999" complexity="6">
              <lines>
                <line number="105" hits="8" branch="True" condition-coverage="100% (2/2)">
                  <conditions>
                    <condition number="1" type="jump" coverage="100%" />
                  </conditions>
                </line>
                <line number="107" hits="1" branch="False" />
                <line number="110" hits="7" branch="True" condition-coverage="50% (1/2)">
                  <conditions>
                    <condition number="20" type="jump" coverage="50%" />
                  </conditions>
                </line>
                <line number="111" hits="7" branch="True" condition-coverage="100% (2/2)">
                  <conditions>
                    <condition number="43" type="jump" coverage="100%" />
                  </conditions>
                </line>
                <line number="113" hits="3" branch="False" />
                <line number="114" hits="2" branch="False" />
                <line number="117" hits="4" branch="False" />
                <line number="118" hits="4" branch="False" />
              </lines>
            </method>
            <method name="ShouldIncludeInGrayRollout" signature="(System.String,System.Int32)" line-rate="1" branch-rate="1" complexity="10">
              <lines>
                <line number="123" hits="7" branch="True" condition-coverage="100% (2/2)">
                  <conditions>
                    <condition number="6" type="jump" coverage="100%" />
                  </conditions>
                </line>
                <line number="125" hits="1" branch="False" />
                <line number="128" hits="6" branch="True" condition-coverage="100% (4/4)">
                  <conditions>
                    <condition number="26" type="jump" coverage="100%" />
                    <condition number="31" type="jump" coverage="100%" />
                  </conditions>
                </line>
                <line number="130" hits="2" branch="False" />
                <line number="133" hits="4" branch="True" condition-coverage="100% (2/2)">
                  <conditions>
                    <condition number="50" type="jump" coverage="100%" />
                  </conditions>
                </line>
                <line number="135" hits="1" branch="False" />
                <line number="138" hits="3" branch="True" condition-coverage="100% (2/2)">
                  <conditions>
                    <condition number="57" type="jump" coverage="100%" />
                  </conditions>
                </line>
                <line number="140" hits="1" branch="False" />
                <line number="143" hits="2" branch="False" />
                <line number="144" hits="2" branch="False" />
              </lines>
            </method>
            <method name="ComputeDeterministicBucket" signature="(System.String)" line-rate="1" branch-rate="1" complexity="2">
              <lines>
                <line number="152" hits="3" branch="False" />
                <line number="153" hits="72" branch="True" condition-coverage="100% (2/2)">
                  <conditions>
                    <condition number="43" type="jump" coverage="100%" />
                  </conditions>
                </line>
                <line number="155" hits="33" branch="False" />
                <line number="156" hits="33" branch="False" />
                <line number="159" hits="3" branch="False" />
              </lines>
            </method>
            <method name="CompareVersion" signature="(System.String,System.String)" line-rate="0.8887999999999999" branch-rate="0.625" complexity="8">
              <lines>
                <line number="164" hits="5" branch="False" />
                <line number="165" hits="4" branch="False" />
                <line number="166" hits="4" branch="False" />
                <line number="168" hits="16" branch="True" condition-coverage="50% (1/2)">
                  <conditions>
                    <condition number="100" type="jump" coverage="50%" />
                  </conditions>
                </line>
                <line number="170" hits="8" branch="True" condition-coverage="50% (1/2)">
                  <conditions>
                    <condition number="43" type="jump" coverage="50%" />
                  </conditions>
                </line>
                <line number="171" hits="8" branch="True" condition-coverage="50% (1/2)">
                  <conditions>
                    <condition number="64" type="jump" coverage="50%" />
                  </conditions>
                </line>
                <line number="172" hits="8" branch="True" condition-coverage="100% (2/2)">
                  <conditions>
                    <condition number="82" type="jump" coverage="100%" />
                  </conditions>
                </line>
                <line number="174" hits="4" branch="False" />
                <line number="178" hits="0" branch="False" />
              </lines>
            </method>
            <method name="ParseVersion" signature="(System.String)" line-rate="0.875" branch-rate="0.875" complexity="8">
              <lines>
                <line number="183" hits="9" branch="False" />
                <line number="184" hits="67" branch="True" condition-coverage="100% (2/2)">
                  <conditions>
                    <condition number="135" type="jump" coverage="100%" />
                  </conditions>
                </line>
                <line number="186" hits="25" branch="True" condition-coverage="100% (4/4)">
                  <conditions>
                    <condition number="32" type="jump" coverage="100%" />
                    <condition number="37" type="jump" coverage="100%" />
                  </conditions>
                </line>
                <line number="188" hits="1" branch="False" />
                <line number="191" hits="24" branch="False" />
                <line number="194" hits="8" branch="True" condition-coverage="50% (1/2)">
                  <conditions>
                    <condition number="143" type="jump" coverage="50%" />
                  </conditions>
                </line>
                <line number="196" hits="0" branch="False" />
                <line number="199" hits="8" branch="False" />
              </lines>
            </method>
            <method name="RequireUrl" signature="(System.String,System.String)" line-rate="0.6666" branch-rate="0.5" complexity="2">
              <lines>
                <line number="204" hits="7" branch="True" condition-coverage="50% (1/2)">
                  <conditions>
                    <condition number="6" type="jump" coverage="50%" />
                  </conditions>
                </line>
                <line number="206" hits="0" branch="False" />
                <line number="209" hits="7" branch="False" />
              </lines>
            </method>
            <method name="RequireVersion" signature="(System.String,System.String)" line-rate="1" branch-rate="1" complexity="2">
              <lines>
                <line number="214" hits="14" branch="True" condition-coverage="100% (2/2)">
                  <conditions>
                    <condition number="6" type="jump" coverage="100%" />
                  </conditions>
                </line>
                <line number="216" hits="1" branch="False" />
                <line number="219" hits="13" branch="False" />
              </lines>
            </method>
          </methods>
          <lines>
            <line number="47" hits="9" branch="True" condition-coverage="100% (2/2)">
              <conditions>
                <condition number="1" type="jump" coverage="100%" />
              </conditions>
            </line>
            <line number="49" hits="1" branch="False" />
            <line number="52" hits="8" branch="True" condition-coverage="100% (2/2)">
              <conditions>
                <condition number="15" type="jump" coverage="100%" />
              </conditions>
            </line>
            <line number="54" hits="1" branch="False" />
            <line number="57" hits="7" branch="True" condition-coverage="100% (2/2)">
              <conditions>
                <condition number="35" type="jump" coverage="100%" />
              </conditions>
            </line>
            <line number="58" hits="7" branch="False" />
            <line number="59" hits="7" branch="False" />
            <line number="61" hits="7" branch="True" condition-coverage="80% (4/5)">
              <conditions>
                <condition number="80" type="switch" coverage="80%" />
              </conditions>
            </line>
            <line number="62" hits="7" branch="False" />
            <line number="63" hits="3" branch="False" />
            <line number="64" hits="1" branch="False" />
            <line number="65" hits="1" branch="False" />
            <line number="66" hits="2" branch="False" />
            <line number="67" hits="0" branch="False" />
            <line number="68" hits="7" branch="False" />
            <line number="70" hits="7" branch="False" />
            <line number="79" hits="4" branch="True" condition-coverage="100% (2/2)">
              <conditions>
                <condition number="6" type="jump" coverage="100%" />
              </conditions>
            </line>
            <line number="81" hits="1" branch="False" />
            <line number="84" hits="3" branch="False" />
            <line number="85" hits="3" branch="False" />
            <line number="86" hits="3" branch="True" condition-coverage="100% (2/2)">
              <conditions>
                <condition number="43" type="jump" coverage="100%" />
              </conditions>
            </line>
            <line number="88" hits="1" branch="False" />
            <line number="91" hits="2" branch="True" condition-coverage="40% (2/5)">
              <conditions>
                <condition number="72" type="switch" coverage="40%" />
              </conditions>
            </line>
            <line number="92" hits="2" branch="False" />
            <line number="93" hits="0" branch="False" />
            <line number="94" hits="1" branch="False" />
            <line number="95" hits="0" branch="False" />
            <line number="96" hits="1" branch="False" />
            <line number="97" hits="0" branch="False" />
            <line number="98" hits="2" branch="False" />
            <line number="100" hits="2" branch="False" />
            <line number="105" hits="8" branch="True" condition-coverage="100% (2/2)">
              <conditions>
                <condition number="1" type="jump" coverage="100%" />
              </conditions>
            </line>
            <line number="107" hits="1" branch="False" />
            <line number="110" hits="7" branch="True" condition-coverage="50% (1/2)">
              <conditions>
                <condition number="20" type="jump" coverage="50%" />
              </conditions>
            </line>
            <line number="111" hits="7" branch="True" condition-coverage="100% (2/2)">
              <conditions>
                <condition number="43" type="jump" coverage="100%" />
              </conditions>
            </line>
            <line number="113" hits="3" branch="False" />
            <line number="114" hits="2" branch="False" />
            <line number="117" hits="4" branch="False" />
            <line number="118" hits="4" branch="False" />
            <line number="123" hits="7" branch="True" condition-coverage="100% (2/2)">
              <conditions>
                <condition number="6" type="jump" coverage="100%" />
              </conditions>
            </line>
            <line number="125" hits="1" branch="False" />
            <line number="128" hits="6" branch="True" condition-coverage="100% (4/4)">
              <conditions>
                <condition number="26" type="jump" coverage="100%" />
                <condition number="31" type="jump" coverage="100%" />
              </conditions>
            </line>
            <line number="130" hits="2" branch="False" />
            <line number="133" hits="4" branch="True" condition-coverage="100% (2/2)">
              <conditions>
                <condition number="50" type="jump" coverage="100%" />
              </conditions>
            </line>
            <line number="135" hits="1" branch="False" />
            <line number="138" hits="3" branch="True" condition-coverage="100% (2/2)">
              <conditions>
                <condition number="57" type="jump" coverage="100%" />
              </conditions>
            </line>
            <line number="140" hits="1" branch="False" />
            <line number="143" hits="2" branch="False" />
            <line number="144" hits="2" branch="False" />
            <line number="152" hits="3" branch="False" />
            <line number="153" hits="72" branch="True" condition-coverage="100% (2/2)">
              <conditions>
                <condition number="43" type="jump" coverage="100%" />
              </conditions>
            </line>
            <line number="155" hits="33" branch="False" />
            <line number="156" hits="33" branch="False" />
            <line number="159" hits="3" branch="False" />
            <line number="164" hits="5" branch="False" />
            <line number="165" hits="4" branch="False" />
            <line number="166" hits="4" branch="False" />
            <line number="168" hits="16" branch="True" condition-coverage="50% (1/2)">
              <conditions>
                <condition number="100" type="jump" coverage="50%" />
              </conditions>
            </line>
            <line number="170" hits="8" branch="True" condition-coverage="50% (1/2)">
              <conditions>
                <condition number="43" type="jump" coverage="50%" />
              </conditions>
            </line>
            <line number="171" hits="8" branch="True" condition-coverage="50% (1/2)">
              <conditions>
                <condition number="64" type="jump" coverage="50%" />
              </conditions>
            </line>
            <line number="172" hits="8" branch="True" condition-coverage="100% (2/2)">
              <conditions>
                <condition number="82" type="jump" coverage="100%" />
              </conditions>
            </line>
            <line number="174" hits="4" branch="False" />
            <line number="178" hits="0" branch="False" />
            <line number="183" hits="9" branch="False" />
            <line number="184" hits="67" branch="True" condition-coverage="100% (2/2)">
              <conditions>
                <condition number="135" type="jump" coverage="100%" />
              </conditions>
            </line>
            <line number="186" hits="25" branch="True" condition-coverage="100% (4/4)">
              <conditions>
                <condition number="32" type="jump" coverage="100%" />
                <condition number="37" type="jump" coverage="100%" />
              </conditions>
            </line>
            <line number="188" hits="1" branch="False" />
            <line number="191" hits="24" branch="False" />
            <line number="194" hits="8" branch="True" condition-coverage="50% (1/2)">
              <conditions>
                <condition number="143" type="jump" coverage="50%" />
              </conditions>
            </line>
            <line number="196" hits="0" branch="False" />
            <line number="199" hits="8" branch="False" />
            <line number="204" hits="7" branch="True" condition-coverage="50% (1/2)">
              <conditions>
                <condition number="6" type="jump" coverage="50%" />
              </conditions>
            </line>
            <line number="206" hits="0" branch="False" />
            <line number="209" hits="7" branch="False" />
            <line number="214" hits="14" branch="True" condition-coverage="100% (2/2)">
              <conditions>
                <condition number="6" type="jump" coverage="100%" />
              </conditions>
            </line>
            <line number="216" hits="1" branch="False" />
            <line number="219" hits="13" branch="False" />
          </lines>
        </class>
      </classes>
    </package>
  </packages>
</coverage>